{
  "stats": {
    "suites": 1,
    "tests": 1,
    "passes": 1,
    "pending": 0,
    "failures": 0,
    "start": "2021-04-29T09:07:59.981Z",
    "end": "2021-04-29T09:11:33.754Z",
    "duration": 213773,
    "testsRegistered": 1,
    "passPercent": 100,
    "pendingPercent": 0,
    "other": 0,
    "hasOther": false,
    "skipped": 0,
    "hasSkipped": false
  },
  "results": [
    {
      "uuid": "4e45239b-6f20-4d67-9d63-6c60a90f9207",
      "title": "",
      "fullFile": "cypress/integration/examples/TestCases/Jamaica_Markets/TC001_Do_It.js",
      "file": "cypress/integration/examples/TestCases/Jamaica_Markets/TC001_Do_It.js",
      "beforeHooks": [],
      "afterHooks": [],
      "tests": [],
      "suites": [
        {
          "uuid": "35c28b26-92be-40cc-ad42-7c6db5bacde5",
          "title": "Jamaica_Do_It",
          "fullFile": "",
          "file": "",
          "beforeHooks": [],
          "afterHooks": [],
          "tests": [
            {
              "title": "Buy_Do_It",
              "fullTitle": "Jamaica_Do_It Buy_Do_It",
              "timedOut": null,
              "duration": 203468,
              "state": "passed",
              "speed": "slow",
              "pass": true,
              "fail": false,
              "pending": false,
              "context": null,
              "code": "cy.viewport(1366, 600);\nconst common = new _baseclass.default();\nconst verify = new _validation_Method.default();\ncy.visit(this.data.s1.Jmaica); // Vallidation on URL/Header/Tittle\ncommon.validationL_T_H(); // DO IT PLAN VALIDATION & Select\nfor (var i = 0; i < this.user.plan.Do_It_Text.length; i++) {\n  verify.doitPlanValidation(this.user.plan.Do_It_Text[i]);\n}\ncommon.postpaidPlanSelection(this.user.plan.DO_IT); // SELECTED PLAN VALIDATION\nverify.selectedPlanValidation(this.user.plan.Do_It_Text[0], this.user.Price.DO_IT); // EIGHT GB PLAN VALIDATION & Select\nfor (var i = 0; i < this.user.plan.Eight_GB_Text.length; i++) {\n  verify.eightGB_PlanValidation(this.user.plan.Eight_GB_Text[i]);\n}\ncommon.mobilePlanSelection(this.user.plan.eight_GB); // SELECTED PLAN VALIDATION\nverify.selectedPlanValidation(this.user.plan.Do_It_Text[0], this.user.Price.DO_IT);\ncommon.addToCart(); // VALIDATION ON SELECTED PLAN AND CHECK-OUT\nfor (var i = 0; i < this.user.checkout.Do_It_Text.length; i++) {\n  verify.check_outPagePlanFirst(this.user.checkout.Do_It_Text[i]);\n}\nfor (var i = 0; i < this.user.checkout.Eight_GB_Text.length; i++) {\n  verify.check_outPagePlanSecond(this.user.checkout.Eight_GB_Text[i]);\n}\ncommon.checkOutPage(); // VALIDATE BUTTON TEXT AND ENTER MAIL        \ncommon.guestCheckOut(this.data.userData.username); // VALIDATION ON PLAN PRICE AND ENTER A DATA\nfor (var i = 0; i < this.user.sum_price.DO_IT.length; i++) {\n  verify.monthlyPlanVlaidation(this.user.sum_price.DO_IT[i]);\n}\nfor (var i = 0; i < this.user.sum_price.TODAY_PAY.length; i++) {\n  verify.toDayPlanVlaidation(this.user.sum_price.TODAY_PAY[i]);\n}\ncommon.addressDetails(); // VALIDATION ON PLAN PRICE AND ENTER KARD DETAILS\nfor (var i = 0; i < this.user.sum_price.DO_IT.length; i++) {\n  verify.cared_Deatails_MonthlyPlanVlaidation(this.user.sum_price.DO_IT[i]);\n}\nfor (var i = 0; i < this.user.sum_price.TODAY_PAY.length; i++) {\n  verify.cared_Deatails_ToDayPlanVlaidation(this.user.sum_price.TODAY_PAY[i]);\n}\ncommon.cardDetails(); //VALIDATION ON PLACE ORDER PAGE    \nfor (var i = 0; i < this.user.sum_price.DO_IT.length; i++) {\n  verify.place_Order_MonthlyPlanVlaidation(this.user.sum_price.DO_IT[i]);\n}\nfor (var i = 0; i < this.user.sum_price.TODAY_PAY.length; i++) {\n  verify.place_Order_ToDayPlanVlaidation(this.user.sum_price.TODAY_PAY[i]);\n}\ncommon.placeOrder(); // VALIDATION ON PLACEDORDER\nfor (var i = 0; i < this.user.sum_price.DO_IT.length; i++) {\n  verify.place_Order_MonthlyPlanVlaidation(this.user.sum_price.DO_IT[i]);\n}\nfor (var i = 0; i < this.user.sum_price.TODAY_PAY.length; i++) {\n  verify.place_Order_ToDayPlanVlaidation(this.user.sum_price.TODAY_PAY[i]);\n}",
              "err": {},
              "uuid": "6d8d4e0d-7849-4164-94e9-0c7f6a15efc3",
              "parentUUID": "35c28b26-92be-40cc-ad42-7c6db5bacde5",
              "isHook": false,
              "skipped": false
            }
          ],
          "suites": [],
          "passes": [
            "6d8d4e0d-7849-4164-94e9-0c7f6a15efc3"
          ],
          "failures": [],
          "pending": [],
          "skipped": [],
          "duration": 203468,
          "root": false,
          "rootEmpty": false,
          "_timeout": 2000
        }
      ],
      "passes": [],
      "failures": [],
      "pending": [],
      "skipped": [],
      "duration": 0,
      "root": true,
      "rootEmpty": true,
      "_timeout": 2000
    }
  ],
  "meta": {
    "mocha": {
      "version": "7.0.1"
    },
    "mochawesome": {
      "options": {
        "quiet": false,
        "reportFilename": "mochawesome",
        "saveHtml": true,
        "saveJson": true,
        "consoleReporter": "spec",
        "useInlineDiffs": false,
        "code": true
      },
      "version": "6.2.2"
    },
    "marge": {
      "options": {
        "reportDir": "cypress/reports/mocha",
        "quite": true,
        "overwrite": false,
        "html": true,
        "json": true
      },
      "version": "5.2.0"
    }
  }
}